[22:22:07] [main/INFO]: Loading Minecraft 1.20.1 with Fabric Loader 0.16.3
[22:22:08] [main/INFO]: Loading 4 mods:
	- fabricloader 0.16.3
	   \-- mixinextras 0.4.1
	- java 17
	- minecraft 1.20.1
[22:22:08] [main/INFO]: SpongePowered MIXIN Subsystem Version=0.8.7 Source=file:/workspaces/serversky/servidor_minecraft/libraries/net/fabricmc/sponge-mixin/0.15.2+mixin.0.8.7/sponge-mixin-0.15.2+mixin.0.8.7.jar Service=Knot/Fabric Env=SERVER
[22:22:24] [main/INFO]: Environment: authHost='https://authserver.mojang.com', accountsHost='https://api.mojang.com', sessionHost='https://sessionserver.mojang.com', servicesHost='https://api.minecraftservices.com', name='PROD'
[22:22:28] [Worker-Main-1/ERROR]: Couldn't load tag skyblock:template as it is missing following references: minecraft: (from file/skyblock-infinite-1-0-3)
[22:22:30] [main/INFO]: Loaded 7 recipes
[22:22:30] [main/ERROR]: Couldn't load advancement skyblock:nether/charge_respawn_anchor: Task Advancement{parentId=skyblock:nether/obtain_crying_obsidian, display=net.minecraft.class_185@15cbf9b8, rewards=AdvancementRewards{experience=0, loot=[], recipes=[], function=net.minecraft.class_2158$class_2159@7339f51f}, criteria={charge_respawn_anchor=net.minecraft.class_175@71e38bf5}, requirements=[[charge_respawn_anchor]], sends_telemetry_event=true}
[22:22:30] [main/ERROR]: Couldn't load advancement skyblock:nether/obtain_crying_obsidian: Task Advancement{parentId=skyblock:nether/distract_piglin, display=net.minecraft.class_185@3c9c227f, rewards=AdvancementRewards{experience=0, loot=[], recipes=[], function=net.minecraft.class_2158$class_2159@7339f51f}, criteria={crying_obsidian=net.minecraft.class_175@514daa3a}, requirements=[[crying_obsidian]], sends_telemetry_event=false}
[22:22:30] [main/ERROR]: Couldn't load advancement skyblock:nether/quartz: Task Advancement{parentId=skyblock:nether/distract_piglin, display=net.minecraft.class_185@498255bf, rewards=AdvancementRewards{experience=0, loot=[], recipes=[], function=net.minecraft.class_2158$class_2159@7339f51f}, criteria={redstone=net.minecraft.class_175@75223acf}, requirements=[[redstone]], sends_telemetry_event=false}
[22:22:30] [main/INFO]: Loaded 1444 advancements
[22:22:32] [Server thread/INFO]: Starting minecraft server version 1.20.1
[22:22:32] [Server thread/INFO]: Loading properties
[22:22:32] [Server thread/INFO]: Default game type: SURVIVAL
[22:22:32] [Server thread/INFO]: Generating keypair
[22:22:32] [Server thread/INFO]: Starting Minecraft server on *:25565
[22:22:32] [Server thread/INFO]: Using epoll channel type
[22:22:33] [Server thread/WARN]: **** SERVER IS RUNNING IN OFFLINE/INSECURE MODE!
[22:22:33] [Server thread/WARN]: The server will make no attempt to authenticate usernames. Beware.
[22:22:33] [Server thread/WARN]: While this makes the game possible to play without internet access, it also opens up the ability for hackers to connect with any username they choose.
[22:22:33] [Server thread/WARN]: To change this, set "online-mode" to "true" in the server.properties file.
[22:22:33] [Server thread/INFO]: Preparing level "world"
[22:22:42] [Server thread/INFO]: Preparing start region for dimension minecraft:overworld
[22:22:50] [Worker-Main-1/INFO]: Preparing spawn area: 0%
[22:22:50] [Worker-Main-1/INFO]: Preparing spawn area: 0%
[22:22:50] [Worker-Main-1/INFO]: Preparing spawn area: 0%
[22:22:50] [Worker-Main-1/INFO]: Preparing spawn area: 0%
[22:22:50] [Worker-Main-1/INFO]: Preparing spawn area: 0%
[22:22:50] [Worker-Main-1/INFO]: Preparing spawn area: 0%
[22:22:50] [Worker-Main-1/INFO]: Preparing spawn area: 0%
[22:22:50] [Worker-Main-1/INFO]: Preparing spawn area: 0%
[22:22:50] [Worker-Main-1/INFO]: Preparing spawn area: 0%
[22:22:50] [Worker-Main-1/INFO]: Preparing spawn area: 0%
[22:22:50] [Worker-Main-1/INFO]: Preparing spawn area: 0%
[22:22:50] [Worker-Main-1/INFO]: Preparing spawn area: 0%
[22:22:50] [Worker-Main-1/INFO]: Preparing spawn area: 0%
[22:22:50] [Worker-Main-1/INFO]: Preparing spawn area: 0%
[22:22:50] [Worker-Main-1/INFO]: Preparing spawn area: 0%
[22:22:50] [Worker-Main-1/INFO]: Preparing spawn area: 0%
[22:22:50] [Worker-Main-1/INFO]: Preparing spawn area: 0%
[22:22:50] [Worker-Main-1/INFO]: Preparing spawn area: 0%
[22:22:51] [Worker-Main-1/INFO]: Preparing spawn area: 0%
[22:22:51] [Worker-Main-1/INFO]: Preparing spawn area: 0%
[22:22:52] [Worker-Main-1/INFO]: Preparing spawn area: 0%
[22:22:52] [Worker-Main-1/INFO]: Preparing spawn area: 0%
[22:22:53] [Worker-Main-1/INFO]: Preparing spawn area: 0%
[22:22:53] [Worker-Main-1/INFO]: Preparing spawn area: 0%
[22:22:54] [Server thread/INFO]: Time elapsed: 12047 ms
[22:22:54] [Server thread/INFO]: Done (21.171s)! For help, type "help"
[22:23:25] [Server thread/INFO]: josthyngamer1316[/127.66.98.101:36131] logged in with entity id 4 at (8.554858413269567, 62.5, 8.25246509730998)
[22:23:25] [Server thread/INFO]: josthyngamer1316 joined the game
[22:30:57] [Server thread/INFO]: josthyngamer1316 has made the advancement [A Seedy Place]
